22:24:26,401 root INFO loading items
22:24:26,401 root INFO fetching data
22:24:26,407 urllib3.connectionpool DEBUG Starting new HTTPS connection (1): dutchie.com:443
22:24:27,197 urllib3.connectionpool DEBUG https://dutchie.com:443 "GET /graphql?operationName=FilteredProducts&variables=%7B%22includeEnterpriseSpecials%22%3Afalse%2C%22includeCannabinoids%22%3Atrue%2C%22productsFilter%22%3A%7B%22dispensaryId%22%3A%225f07ab86d0b0134ca75fa12b%22%2C%22option%22%3A%221g%22%2C%22pricingType%22%3A%22rec%22%2C%22strainTypes%22%3A%5B%5D%2C%22subcategories%22%3A%5B%5D%2C%22Status%22%3A%22Active%22%2C%22types%22%3A%5B%22Concentrate%22%5D%2C%22useCache%22%3Afalse%2C%22sortDirection%22%3A1%2C%22sortBy%22%3A%22price%22%2C%22isDefaultSort%22%3Afalse%2C%22bypassOnlineThresholds%22%3Afalse%2C%22isKioskMenu%22%3Afalse%2C%22removeProductsBelowOptionThresholds%22%3Atrue%7D%2C%22page%22%3A0%2C%22perPage%22%3A50%7D&extensions=%7B%22persistedQuery%22%3A%7B%22version%22%3A1%2C%22sha256Hash%22%3A%220e884328c01ef8ed540d4bbd27101ee58fedaf5cddda6c499169209b53fdf574%22%7D%7D HTTP/1.1" 200 None
22:24:27,240 root INFO finding best available
21:02:46,757 root INFO loading items
21:02:46,757 root INFO fetching data
21:02:46,764 urllib3.connectionpool DEBUG Starting new HTTPS connection (1): dutchie.com:443
21:02:47,144 urllib3.connectionpool DEBUG https://dutchie.com:443 "GET /graphql?operationName=FilteredProducts&variables=%7B%22includeEnterpriseSpecials%22%3Afalse%2C%22includeCannabinoids%22%3Atrue%2C%22productsFilter%22%3A%7B%22dispensaryId%22%3A%225f07ab86d0b0134ca75fa12b%22%2C%22option%22%3A%221g%22%2C%22pricingType%22%3A%22rec%22%2C%22strainTypes%22%3A%5B%5D%2C%22subcategories%22%3A%5B%5D%2C%22Status%22%3A%22Active%22%2C%22types%22%3A%5B%22Concentrate%22%5D%2C%22useCache%22%3Afalse%2C%22sortDirection%22%3A1%2C%22sortBy%22%3A%22price%22%2C%22isDefaultSort%22%3Afalse%2C%22bypassOnlineThresholds%22%3Afalse%2C%22isKioskMenu%22%3Afalse%2C%22removeProductsBelowOptionThresholds%22%3Atrue%7D%2C%22page%22%3A0%2C%22perPage%22%3A50%7D&extensions=%7B%22persistedQuery%22%3A%7B%22version%22%3A1%2C%22sha256Hash%22%3A%220e884328c01ef8ed540d4bbd27101ee58fedaf5cddda6c499169209b53fdf574%22%7D%7D HTTP/1.1" 400 386
21:04:13,541 root INFO loading items
21:04:13,541 root INFO fetching data
21:04:13,547 urllib3.connectionpool DEBUG Starting new HTTPS connection (1): dutchie.com:443
21:04:13,853 urllib3.connectionpool DEBUG https://dutchie.com:443 "GET /graphql?operationName=FilteredProducts&variables=%7B%22includeEnterpriseSpecials%22%3Afalse%2C%22includeCannabinoids%22%3Atrue%2C%22productsFilter%22%3A%7B%22dispensaryId%22%3A%225f07ab86d0b0134ca75fa12b%22%2C%22option%22%3A%221g%22%2C%22pricingType%22%3A%22rec%22%2C%22strainTypes%22%3A%5B%5D%2C%22subcategories%22%3A%5B%5D%2C%22Status%22%3A%22Active%22%2C%22types%22%3A%5B%22Concentrate%22%5D%2C%22useCache%22%3Afalse%2C%22sortDirection%22%3A1%2C%22sortBy%22%3A%22price%22%2C%22isDefaultSort%22%3Afalse%2C%22bypassOnlineThresholds%22%3Afalse%2C%22isKioskMenu%22%3Afalse%2C%22removeProductsBelowOptionThresholds%22%3Atrue%7D%2C%22page%22%3A0%2C%22perPage%22%3A50%7D&extensions=%7B%22persistedQuery%22%3A%7B%22version%22%3A1%2C%22sha256Hash%22%3A%220e884328c01ef8ed540d4bbd27101ee58fedaf5cddda6c499169209b53fdf574%22%7D%7D HTTP/1.1" 400 386
21:04:38,463 root INFO fetching data
21:04:38,469 urllib3.connectionpool DEBUG Starting new HTTPS connection (1): dutchie.com:443
21:04:38,795 urllib3.connectionpool DEBUG https://dutchie.com:443 "GET /graphql?operationName=FilteredProducts&variables=%7B%22includeEnterpriseSpecials%22%3Afalse%2C%22includeCannabinoids%22%3Atrue%2C%22productsFilter%22%3A%7B%22dispensaryId%22%3A%225f07ab86d0b0134ca75fa12b%22%2C%22option%22%3A%221g%22%2C%22pricingType%22%3A%22rec%22%2C%22strainTypes%22%3A%5B%5D%2C%22subcategories%22%3A%5B%5D%2C%22Status%22%3A%22Active%22%2C%22types%22%3A%5B%22Concentrate%22%5D%2C%22useCache%22%3Afalse%2C%22sortDirection%22%3A1%2C%22sortBy%22%3A%22price%22%2C%22isDefaultSort%22%3Afalse%2C%22bypassOnlineThresholds%22%3Afalse%2C%22isKioskMenu%22%3Afalse%2C%22removeProductsBelowOptionThresholds%22%3Atrue%7D%2C%22page%22%3A0%2C%22perPage%22%3A50%7D&extensions=%7B%22persistedQuery%22%3A%7B%22version%22%3A1%2C%22sha256Hash%22%3A%220e884328c01ef8ed540d4bbd27101ee58fedaf5cddda6c499169209b53fdf574%22%7D%7D HTTP/1.1" 400 386
21:06:14,675 root INFO fetching data
21:06:14,681 urllib3.connectionpool DEBUG Starting new HTTPS connection (1): dutchie.com:443
21:06:15,422 urllib3.connectionpool DEBUG https://dutchie.com:443 "GET /graphql?operationName=FilteredProducts&variables=%7B%22includeEnterpriseSpecials%22%3Afalse%2C%22includeCannabinoids%22%3Atrue%2C%22productsFilter%22%3A%7B%22dispensaryId%22%3A%225f07ab86d0b0134ca75fa12b%22%2C%22option%22%3A%221g%22%2C%22pricingType%22%3A%22rec%22%2C%22strainTypes%22%3A%5B%5D%2C%22subcategories%22%3A%5B%5D%2C%22Status%22%3A%22Active%22%2C%22types%22%3A%5B%22Concentrate%22%5D%2C%22useCache%22%3Afalse%2C%22sortDirection%22%3A1%2C%22sortBy%22%3A%22price%22%2C%22isDefaultSort%22%3Afalse%2C%22bypassOnlineThresholds%22%3Afalse%2C%22isKioskMenu%22%3Afalse%2C%22removeProductsBelowOptionThresholds%22%3Atrue%7D%2C%22page%22%3A0%2C%22perPage%22%3A50%7D&extensions=%7B%22persistedQuery%22%3A%7B%22version%22%3A1%2C%22sha256Hash%22%3A%220e884328c01ef8ed540d4bbd27101ee58fedaf5cddda6c499169209b53fdf574%22%7D%7D HTTP/1.1" 200 None
21:08:24,404 root INFO loading items
21:08:24,404 root INFO fetching data
21:08:24,410 urllib3.connectionpool DEBUG Starting new HTTPS connection (1): dutchie.com:443
21:08:24,917 urllib3.connectionpool DEBUG https://dutchie.com:443 "GET /graphql?operationName=FilteredProducts&variables=%7B%22includeEnterpriseSpecials%22%3Afalse%2C%22includeCannabinoids%22%3Atrue%2C%22productsFilter%22%3A%7B%22dispensaryId%22%3A%225f07ab86d0b0134ca75fa12b%22%2C%22option%22%3A%221g%22%2C%22pricingType%22%3A%22rec%22%2C%22strainTypes%22%3A%5B%5D%2C%22subcategories%22%3A%5B%5D%2C%22Status%22%3A%22Active%22%2C%22types%22%3A%5B%22Concentrate%22%5D%2C%22useCache%22%3Afalse%2C%22sortDirection%22%3A1%2C%22sortBy%22%3A%22price%22%2C%22isDefaultSort%22%3Afalse%2C%22bypassOnlineThresholds%22%3Afalse%2C%22isKioskMenu%22%3Afalse%2C%22removeProductsBelowOptionThresholds%22%3Atrue%7D%2C%22page%22%3A0%2C%22perPage%22%3A50%7D&extensions=%7B%22persistedQuery%22%3A%7B%22version%22%3A1%2C%22sha256Hash%22%3A%220e884328c01ef8ed540d4bbd27101ee58fedaf5cddda6c499169209b53fdf574%22%7D%7D HTTP/1.1" 200 None
21:08:24,951 root INFO finding best available
21:10:02,906 root INFO loading items
21:10:02,907 root INFO fetching data
21:10:02,912 urllib3.connectionpool DEBUG Starting new HTTPS connection (1): dutchie.com:443
21:10:03,354 urllib3.connectionpool DEBUG https://dutchie.com:443 "GET /graphql?operationName=FilteredProducts&variables=%7B%22includeEnterpriseSpecials%22%3Afalse%2C%22includeCannabinoids%22%3Atrue%2C%22productsFilter%22%3A%7B%22dispensaryId%22%3A%225f07ab86d0b0134ca75fa12b%22%2C%22option%22%3A%221g%22%2C%22pricingType%22%3A%22rec%22%2C%22strainTypes%22%3A%5B%5D%2C%22subcategories%22%3A%5B%5D%2C%22Status%22%3A%22Active%22%2C%22types%22%3A%5B%22Concentrate%22%5D%2C%22useCache%22%3Afalse%2C%22sortDirection%22%3A1%2C%22sortBy%22%3A%22price%22%2C%22isDefaultSort%22%3Afalse%2C%22bypassOnlineThresholds%22%3Afalse%2C%22isKioskMenu%22%3Afalse%2C%22removeProductsBelowOptionThresholds%22%3Atrue%7D%2C%22page%22%3A0%2C%22perPage%22%3A50%7D&extensions=%7B%22persistedQuery%22%3A%7B%22version%22%3A1%2C%22sha256Hash%22%3A%220e884328c01ef8ed540d4bbd27101ee58fedaf5cddda6c499169209b53fdf574%22%7D%7D HTTP/1.1" 200 None
21:10:03,387 root INFO finding best available
21:11:15,819 root INFO loading items
21:11:15,820 root INFO fetching data
21:11:15,826 urllib3.connectionpool DEBUG Starting new HTTPS connection (1): dutchie.com:443
21:11:16,259 urllib3.connectionpool DEBUG https://dutchie.com:443 "GET /graphql?operationName=FilteredProducts&variables=%7B%22includeEnterpriseSpecials%22%3Afalse%2C%22includeCannabinoids%22%3Atrue%2C%22productsFilter%22%3A%7B%22dispensaryId%22%3A%225f07ab86d0b0134ca75fa12b%22%2C%22option%22%3A%221g%22%2C%22pricingType%22%3A%22rec%22%2C%22strainTypes%22%3A%5B%5D%2C%22subcategories%22%3A%5B%5D%2C%22Status%22%3A%22Active%22%2C%22types%22%3A%5B%22Concentrate%22%5D%2C%22useCache%22%3Afalse%2C%22sortDirection%22%3A1%2C%22sortBy%22%3A%22price%22%2C%22isDefaultSort%22%3Afalse%2C%22bypassOnlineThresholds%22%3Afalse%2C%22isKioskMenu%22%3Afalse%2C%22removeProductsBelowOptionThresholds%22%3Atrue%7D%2C%22page%22%3A0%2C%22perPage%22%3A50%7D&extensions=%7B%22persistedQuery%22%3A%7B%22version%22%3A1%2C%22sha256Hash%22%3A%220e884328c01ef8ed540d4bbd27101ee58fedaf5cddda6c499169209b53fdf574%22%7D%7D HTTP/1.1" 200 None
21:11:16,292 root INFO finding best available
21:15:39,119 root INFO loading items
21:15:39,120 root INFO fetching data
21:15:39,126 urllib3.connectionpool DEBUG Starting new HTTPS connection (1): dutchie.com:443
21:15:39,738 urllib3.connectionpool DEBUG https://dutchie.com:443 "GET /graphql?operationName=FilteredProducts&variables=%7B%22includeEnterpriseSpecials%22%3Afalse%2C%22includeCannabinoids%22%3Atrue%2C%22productsFilter%22%3A%7B%22dispensaryId%22%3A%225f07ab86d0b0134ca75fa12b%22%2C%22option%22%3A%221g%22%2C%22pricingType%22%3A%22rec%22%2C%22strainTypes%22%3A%5B%5D%2C%22subcategories%22%3A%5B%5D%2C%22Status%22%3A%22Active%22%2C%22types%22%3A%5B%22Concentrate%22%5D%2C%22useCache%22%3Afalse%2C%22sortDirection%22%3A1%2C%22sortBy%22%3A%22price%22%2C%22isDefaultSort%22%3Afalse%2C%22bypassOnlineThresholds%22%3Afalse%2C%22isKioskMenu%22%3Afalse%2C%22removeProductsBelowOptionThresholds%22%3Atrue%7D%2C%22page%22%3A0%2C%22perPage%22%3A50%7D&extensions=%7B%22persistedQuery%22%3A%7B%22version%22%3A1%2C%22sha256Hash%22%3A%220e884328c01ef8ed540d4bbd27101ee58fedaf5cddda6c499169209b53fdf574%22%7D%7D HTTP/1.1" 200 None
21:15:39,775 root INFO finding best available
21:16:20,541 root INFO loading items
21:16:20,541 root INFO fetching data
21:16:20,547 urllib3.connectionpool DEBUG Starting new HTTPS connection (1): dutchie.com:443
21:16:21,69 urllib3.connectionpool DEBUG https://dutchie.com:443 "GET /graphql?operationName=FilteredProducts&variables=%7B%22includeEnterpriseSpecials%22%3Afalse%2C%22includeCannabinoids%22%3Atrue%2C%22productsFilter%22%3A%7B%22dispensaryId%22%3A%225f07ab86d0b0134ca75fa12b%22%2C%22option%22%3A%221g%22%2C%22pricingType%22%3A%22rec%22%2C%22strainTypes%22%3A%5B%5D%2C%22subcategories%22%3A%5B%5D%2C%22Status%22%3A%22Active%22%2C%22types%22%3A%5B%22Concentrate%22%5D%2C%22useCache%22%3Afalse%2C%22sortDirection%22%3A1%2C%22sortBy%22%3A%22price%22%2C%22isDefaultSort%22%3Afalse%2C%22bypassOnlineThresholds%22%3Afalse%2C%22isKioskMenu%22%3Afalse%2C%22removeProductsBelowOptionThresholds%22%3Atrue%7D%2C%22page%22%3A0%2C%22perPage%22%3A50%7D&extensions=%7B%22persistedQuery%22%3A%7B%22version%22%3A1%2C%22sha256Hash%22%3A%220e884328c01ef8ed540d4bbd27101ee58fedaf5cddda6c499169209b53fdf574%22%7D%7D HTTP/1.1" 200 None
21:16:21,106 root INFO finding best available
21:19:02,960 root INFO loading items
21:19:02,960 root INFO fetching data
21:19:02,966 urllib3.connectionpool DEBUG Starting new HTTPS connection (1): dutchie.com:443
21:19:03,401 urllib3.connectionpool DEBUG https://dutchie.com:443 "GET /graphql?operationName=FilteredProducts&variables=%7B%22includeEnterpriseSpecials%22%3Afalse%2C%22includeCannabinoids%22%3Atrue%2C%22productsFilter%22%3A%7B%22dispensaryId%22%3A%225f07ab86d0b0134ca75fa12b%22%2C%22option%22%3A%221g%22%2C%22pricingType%22%3A%22rec%22%2C%22strainTypes%22%3A%5B%5D%2C%22subcategories%22%3A%5B%5D%2C%22Status%22%3A%22Active%22%2C%22types%22%3A%5B%22Concentrate%22%5D%2C%22useCache%22%3Afalse%2C%22sortDirection%22%3A1%2C%22sortBy%22%3A%22price%22%2C%22isDefaultSort%22%3Afalse%2C%22bypassOnlineThresholds%22%3Afalse%2C%22isKioskMenu%22%3Afalse%2C%22removeProductsBelowOptionThresholds%22%3Atrue%7D%2C%22page%22%3A0%2C%22perPage%22%3A50%7D&extensions=%7B%22persistedQuery%22%3A%7B%22version%22%3A1%2C%22sha256Hash%22%3A%220e884328c01ef8ed540d4bbd27101ee58fedaf5cddda6c499169209b53fdf574%22%7D%7D HTTP/1.1" 200 None
21:19:03,425 root INFO finding best available
21:19:46,98 root INFO loading items
21:19:46,99 root INFO fetching data
21:19:46,104 urllib3.connectionpool DEBUG Starting new HTTPS connection (1): dutchie.com:443
21:19:46,558 urllib3.connectionpool DEBUG https://dutchie.com:443 "GET /graphql?operationName=FilteredProducts&variables=%7B%22includeEnterpriseSpecials%22%3Afalse%2C%22includeCannabinoids%22%3Atrue%2C%22productsFilter%22%3A%7B%22dispensaryId%22%3A%225f07ab86d0b0134ca75fa12b%22%2C%22option%22%3A%221g%22%2C%22pricingType%22%3A%22rec%22%2C%22strainTypes%22%3A%5B%5D%2C%22subcategories%22%3A%5B%5D%2C%22Status%22%3A%22Active%22%2C%22types%22%3A%5B%22Concentrate%22%5D%2C%22useCache%22%3Afalse%2C%22sortDirection%22%3A1%2C%22sortBy%22%3A%22price%22%2C%22isDefaultSort%22%3Afalse%2C%22bypassOnlineThresholds%22%3Afalse%2C%22isKioskMenu%22%3Afalse%2C%22removeProductsBelowOptionThresholds%22%3Atrue%7D%2C%22page%22%3A0%2C%22perPage%22%3A50%7D&extensions=%7B%22persistedQuery%22%3A%7B%22version%22%3A1%2C%22sha256Hash%22%3A%220e884328c01ef8ed540d4bbd27101ee58fedaf5cddda6c499169209b53fdf574%22%7D%7D HTTP/1.1" 200 None
21:19:46,583 root INFO finding best available
21:22:10,435 root INFO loading items
21:22:10,436 root INFO fetching data
21:22:10,441 urllib3.connectionpool DEBUG Starting new HTTPS connection (1): dutchie.com:443
21:22:12,413 urllib3.connectionpool DEBUG https://dutchie.com:443 "GET /graphql?operationName=FilteredProducts&variables=%7B%22includeEnterpriseSpecials%22%3Afalse%2C%22includeCannabinoids%22%3Atrue%2C%22productsFilter%22%3A%7B%22dispensaryId%22%3A%225f07ab86d0b0134ca75fa12b%22%2C%22option%22%3A%221g%22%2C%22pricingType%22%3A%22rec%22%2C%22strainTypes%22%3A%5B%5D%2C%22subcategories%22%3A%5B%5D%2C%22Status%22%3A%22Active%22%2C%22types%22%3A%5B%22Concentrate%22%5D%2C%22useCache%22%3Afalse%2C%22sortDirection%22%3A1%2C%22sortBy%22%3A%22price%22%2C%22isDefaultSort%22%3Afalse%2C%22bypassOnlineThresholds%22%3Afalse%2C%22isKioskMenu%22%3Afalse%2C%22removeProductsBelowOptionThresholds%22%3Atrue%7D%2C%22page%22%3A0%2C%22perPage%22%3A50%7D&extensions=%7B%22persistedQuery%22%3A%7B%22version%22%3A1%2C%22sha256Hash%22%3A%220e884328c01ef8ed540d4bbd27101ee58fedaf5cddda6c499169209b53fdf574%22%7D%7D HTTP/1.1" 200 None
21:22:12,446 root INFO finding best available
21:22:27,747 root INFO loading items
21:22:27,747 root INFO fetching data
21:22:27,753 urllib3.connectionpool DEBUG Starting new HTTPS connection (1): dutchie.com:443
21:22:28,282 urllib3.connectionpool DEBUG https://dutchie.com:443 "GET /graphql?operationName=FilteredProducts&variables=%7B%22includeEnterpriseSpecials%22%3Afalse%2C%22includeCannabinoids%22%3Atrue%2C%22productsFilter%22%3A%7B%22dispensaryId%22%3A%225f07ab86d0b0134ca75fa12b%22%2C%22option%22%3A%221g%22%2C%22pricingType%22%3A%22rec%22%2C%22strainTypes%22%3A%5B%5D%2C%22subcategories%22%3A%5B%5D%2C%22Status%22%3A%22Active%22%2C%22types%22%3A%5B%22Concentrate%22%5D%2C%22useCache%22%3Afalse%2C%22sortDirection%22%3A1%2C%22sortBy%22%3A%22price%22%2C%22isDefaultSort%22%3Afalse%2C%22bypassOnlineThresholds%22%3Afalse%2C%22isKioskMenu%22%3Afalse%2C%22removeProductsBelowOptionThresholds%22%3Atrue%7D%2C%22page%22%3A0%2C%22perPage%22%3A50%7D&extensions=%7B%22persistedQuery%22%3A%7B%22version%22%3A1%2C%22sha256Hash%22%3A%220e884328c01ef8ed540d4bbd27101ee58fedaf5cddda6c499169209b53fdf574%22%7D%7D HTTP/1.1" 200 None
21:22:28,345 root INFO finding best available
21:22:43,395 root INFO loading items
21:22:43,395 root INFO fetching data
21:22:43,401 urllib3.connectionpool DEBUG Starting new HTTPS connection (1): dutchie.com:443
21:22:43,991 urllib3.connectionpool DEBUG https://dutchie.com:443 "GET /graphql?operationName=FilteredProducts&variables=%7B%22includeEnterpriseSpecials%22%3Afalse%2C%22includeCannabinoids%22%3Atrue%2C%22productsFilter%22%3A%7B%22dispensaryId%22%3A%225f07ab86d0b0134ca75fa12b%22%2C%22option%22%3A%221g%22%2C%22pricingType%22%3A%22rec%22%2C%22strainTypes%22%3A%5B%5D%2C%22subcategories%22%3A%5B%5D%2C%22Status%22%3A%22Active%22%2C%22types%22%3A%5B%22Concentrate%22%5D%2C%22useCache%22%3Afalse%2C%22sortDirection%22%3A1%2C%22sortBy%22%3A%22price%22%2C%22isDefaultSort%22%3Afalse%2C%22bypassOnlineThresholds%22%3Afalse%2C%22isKioskMenu%22%3Afalse%2C%22removeProductsBelowOptionThresholds%22%3Atrue%7D%2C%22page%22%3A0%2C%22perPage%22%3A50%7D&extensions=%7B%22persistedQuery%22%3A%7B%22version%22%3A1%2C%22sha256Hash%22%3A%220e884328c01ef8ed540d4bbd27101ee58fedaf5cddda6c499169209b53fdf574%22%7D%7D HTTP/1.1" 200 None
21:22:44,24 root INFO finding best available
21:23:55,165 root INFO loading items
21:23:55,165 root INFO fetching data
21:23:55,171 urllib3.connectionpool DEBUG Starting new HTTPS connection (1): dutchie.com:443
21:23:55,603 urllib3.connectionpool DEBUG https://dutchie.com:443 "GET /graphql?operationName=FilteredProducts&variables=%7B%22includeEnterpriseSpecials%22%3Afalse%2C%22includeCannabinoids%22%3Atrue%2C%22productsFilter%22%3A%7B%22dispensaryId%22%3A%225f07ab86d0b0134ca75fa12b%22%2C%22option%22%3A%221g%22%2C%22pricingType%22%3A%22rec%22%2C%22strainTypes%22%3A%5B%5D%2C%22subcategories%22%3A%5B%5D%2C%22Status%22%3A%22Active%22%2C%22types%22%3A%5B%22Concentrate%22%5D%2C%22useCache%22%3Afalse%2C%22sortDirection%22%3A1%2C%22sortBy%22%3A%22price%22%2C%22isDefaultSort%22%3Afalse%2C%22bypassOnlineThresholds%22%3Afalse%2C%22isKioskMenu%22%3Afalse%2C%22removeProductsBelowOptionThresholds%22%3Atrue%7D%2C%22page%22%3A0%2C%22perPage%22%3A50%7D&extensions=%7B%22persistedQuery%22%3A%7B%22version%22%3A1%2C%22sha256Hash%22%3A%220e884328c01ef8ed540d4bbd27101ee58fedaf5cddda6c499169209b53fdf574%22%7D%7D HTTP/1.1" 200 None
21:23:55,639 root INFO finding best available
21:24:03,711 root INFO loading items
21:24:03,711 root INFO fetching data
21:24:03,717 urllib3.connectionpool DEBUG Starting new HTTPS connection (1): dutchie.com:443
21:24:04,192 urllib3.connectionpool DEBUG https://dutchie.com:443 "GET /graphql?operationName=FilteredProducts&variables=%7B%22includeEnterpriseSpecials%22%3Afalse%2C%22includeCannabinoids%22%3Atrue%2C%22productsFilter%22%3A%7B%22dispensaryId%22%3A%225f07ab86d0b0134ca75fa12b%22%2C%22option%22%3A%221g%22%2C%22pricingType%22%3A%22rec%22%2C%22strainTypes%22%3A%5B%5D%2C%22subcategories%22%3A%5B%5D%2C%22Status%22%3A%22Active%22%2C%22types%22%3A%5B%22Concentrate%22%5D%2C%22useCache%22%3Afalse%2C%22sortDirection%22%3A1%2C%22sortBy%22%3A%22price%22%2C%22isDefaultSort%22%3Afalse%2C%22bypassOnlineThresholds%22%3Afalse%2C%22isKioskMenu%22%3Afalse%2C%22removeProductsBelowOptionThresholds%22%3Atrue%7D%2C%22page%22%3A0%2C%22perPage%22%3A50%7D&extensions=%7B%22persistedQuery%22%3A%7B%22version%22%3A1%2C%22sha256Hash%22%3A%220e884328c01ef8ed540d4bbd27101ee58fedaf5cddda6c499169209b53fdf574%22%7D%7D HTTP/1.1" 200 None
21:24:04,226 root INFO finding best available
21:25:55,494 root INFO loading items
21:25:55,494 root INFO fetching data
21:25:55,500 urllib3.connectionpool DEBUG Starting new HTTPS connection (1): dutchie.com:443
21:25:55,963 urllib3.connectionpool DEBUG https://dutchie.com:443 "GET /graphql?operationName=FilteredProducts&variables=%7B%22includeEnterpriseSpecials%22%3Afalse%2C%22includeCannabinoids%22%3Atrue%2C%22productsFilter%22%3A%7B%22dispensaryId%22%3A%225f07ab86d0b0134ca75fa12b%22%2C%22option%22%3A%221g%22%2C%22pricingType%22%3A%22rec%22%2C%22strainTypes%22%3A%5B%5D%2C%22subcategories%22%3A%5B%5D%2C%22Status%22%3A%22Active%22%2C%22types%22%3A%5B%22Concentrate%22%5D%2C%22useCache%22%3Afalse%2C%22sortDirection%22%3A1%2C%22sortBy%22%3A%22price%22%2C%22isDefaultSort%22%3Afalse%2C%22bypassOnlineThresholds%22%3Afalse%2C%22isKioskMenu%22%3Afalse%2C%22removeProductsBelowOptionThresholds%22%3Atrue%7D%2C%22page%22%3A0%2C%22perPage%22%3A50%7D&extensions=%7B%22persistedQuery%22%3A%7B%22version%22%3A1%2C%22sha256Hash%22%3A%220e884328c01ef8ed540d4bbd27101ee58fedaf5cddda6c499169209b53fdf574%22%7D%7D HTTP/1.1" 200 None
21:25:55,997 root INFO finding best available
21:26:13,433 root INFO loading items
21:26:13,433 root INFO fetching data
21:26:13,439 urllib3.connectionpool DEBUG Starting new HTTPS connection (1): dutchie.com:443
21:26:13,939 urllib3.connectionpool DEBUG https://dutchie.com:443 "GET /graphql?operationName=FilteredProducts&variables=%7B%22includeEnterpriseSpecials%22%3Afalse%2C%22includeCannabinoids%22%3Atrue%2C%22productsFilter%22%3A%7B%22dispensaryId%22%3A%225f07ab86d0b0134ca75fa12b%22%2C%22option%22%3A%221g%22%2C%22pricingType%22%3A%22rec%22%2C%22strainTypes%22%3A%5B%5D%2C%22subcategories%22%3A%5B%5D%2C%22Status%22%3A%22Active%22%2C%22types%22%3A%5B%22Concentrate%22%5D%2C%22useCache%22%3Afalse%2C%22sortDirection%22%3A1%2C%22sortBy%22%3A%22price%22%2C%22isDefaultSort%22%3Afalse%2C%22bypassOnlineThresholds%22%3Afalse%2C%22isKioskMenu%22%3Afalse%2C%22removeProductsBelowOptionThresholds%22%3Atrue%7D%2C%22page%22%3A0%2C%22perPage%22%3A50%7D&extensions=%7B%22persistedQuery%22%3A%7B%22version%22%3A1%2C%22sha256Hash%22%3A%220e884328c01ef8ed540d4bbd27101ee58fedaf5cddda6c499169209b53fdf574%22%7D%7D HTTP/1.1" 200 None
21:26:13,973 root INFO finding best available
21:27:21,879 root INFO loading items
21:27:21,879 root INFO fetching data
21:27:21,885 urllib3.connectionpool DEBUG Starting new HTTPS connection (1): dutchie.com:443
21:27:22,533 urllib3.connectionpool DEBUG https://dutchie.com:443 "GET /graphql?operationName=FilteredProducts&variables=%7B%22includeEnterpriseSpecials%22%3Afalse%2C%22includeCannabinoids%22%3Atrue%2C%22productsFilter%22%3A%7B%22dispensaryId%22%3A%225f07ab86d0b0134ca75fa12b%22%2C%22option%22%3A%221g%22%2C%22pricingType%22%3A%22rec%22%2C%22strainTypes%22%3A%5B%5D%2C%22subcategories%22%3A%5B%5D%2C%22Status%22%3A%22Active%22%2C%22types%22%3A%5B%22Concentrate%22%5D%2C%22useCache%22%3Afalse%2C%22sortDirection%22%3A1%2C%22sortBy%22%3A%22price%22%2C%22isDefaultSort%22%3Afalse%2C%22bypassOnlineThresholds%22%3Afalse%2C%22isKioskMenu%22%3Afalse%2C%22removeProductsBelowOptionThresholds%22%3Atrue%7D%2C%22page%22%3A0%2C%22perPage%22%3A50%7D&extensions=%7B%22persistedQuery%22%3A%7B%22version%22%3A1%2C%22sha256Hash%22%3A%220e884328c01ef8ed540d4bbd27101ee58fedaf5cddda6c499169209b53fdf574%22%7D%7D HTTP/1.1" 200 None
21:27:22,568 root INFO finding best available
21:27:50,332 root INFO loading items
21:27:50,332 root INFO fetching data
21:27:50,338 urllib3.connectionpool DEBUG Starting new HTTPS connection (1): dutchie.com:443
21:27:50,821 urllib3.connectionpool DEBUG https://dutchie.com:443 "GET /graphql?operationName=FilteredProducts&variables=%7B%22includeEnterpriseSpecials%22%3Afalse%2C%22includeCannabinoids%22%3Atrue%2C%22productsFilter%22%3A%7B%22dispensaryId%22%3A%225f07ab86d0b0134ca75fa12b%22%2C%22option%22%3A%221g%22%2C%22pricingType%22%3A%22rec%22%2C%22strainTypes%22%3A%5B%5D%2C%22subcategories%22%3A%5B%5D%2C%22Status%22%3A%22Active%22%2C%22types%22%3A%5B%22Concentrate%22%5D%2C%22useCache%22%3Afalse%2C%22sortDirection%22%3A1%2C%22sortBy%22%3A%22price%22%2C%22isDefaultSort%22%3Afalse%2C%22bypassOnlineThresholds%22%3Afalse%2C%22isKioskMenu%22%3Afalse%2C%22removeProductsBelowOptionThresholds%22%3Atrue%7D%2C%22page%22%3A0%2C%22perPage%22%3A50%7D&extensions=%7B%22persistedQuery%22%3A%7B%22version%22%3A1%2C%22sha256Hash%22%3A%220e884328c01ef8ed540d4bbd27101ee58fedaf5cddda6c499169209b53fdf574%22%7D%7D HTTP/1.1" 200 None
21:27:50,883 root INFO finding best available
21:28:13,975 root INFO loading items
21:28:13,975 root INFO fetching data
21:28:13,981 urllib3.connectionpool DEBUG Starting new HTTPS connection (1): dutchie.com:443
21:28:14,437 urllib3.connectionpool DEBUG https://dutchie.com:443 "GET /graphql?operationName=FilteredProducts&variables=%7B%22includeEnterpriseSpecials%22%3Afalse%2C%22includeCannabinoids%22%3Atrue%2C%22productsFilter%22%3A%7B%22dispensaryId%22%3A%225f07ab86d0b0134ca75fa12b%22%2C%22option%22%3A%221g%22%2C%22pricingType%22%3A%22rec%22%2C%22strainTypes%22%3A%5B%5D%2C%22subcategories%22%3A%5B%5D%2C%22Status%22%3A%22Active%22%2C%22types%22%3A%5B%22Concentrate%22%5D%2C%22useCache%22%3Afalse%2C%22sortDirection%22%3A1%2C%22sortBy%22%3A%22price%22%2C%22isDefaultSort%22%3Afalse%2C%22bypassOnlineThresholds%22%3Afalse%2C%22isKioskMenu%22%3Afalse%2C%22removeProductsBelowOptionThresholds%22%3Atrue%7D%2C%22page%22%3A0%2C%22perPage%22%3A50%7D&extensions=%7B%22persistedQuery%22%3A%7B%22version%22%3A1%2C%22sha256Hash%22%3A%220e884328c01ef8ed540d4bbd27101ee58fedaf5cddda6c499169209b53fdf574%22%7D%7D HTTP/1.1" 200 None
21:28:14,458 root INFO finding best available
21:32:35,389 root INFO loading items
21:32:35,389 root INFO fetching data
21:32:35,395 urllib3.connectionpool DEBUG Starting new HTTPS connection (1): dutchie.com:443
21:32:35,839 urllib3.connectionpool DEBUG https://dutchie.com:443 "GET /graphql?operationName=FilteredProducts&variables=%7B%22includeEnterpriseSpecials%22%3Afalse%2C%22includeCannabinoids%22%3Atrue%2C%22productsFilter%22%3A%7B%22dispensaryId%22%3A%225f07ab86d0b0134ca75fa12b%22%2C%22option%22%3A%221g%22%2C%22pricingType%22%3A%22rec%22%2C%22strainTypes%22%3A%5B%5D%2C%22subcategories%22%3A%5B%5D%2C%22Status%22%3A%22Active%22%2C%22types%22%3A%5B%22Concentrate%22%5D%2C%22useCache%22%3Afalse%2C%22sortDirection%22%3A1%2C%22sortBy%22%3A%22price%22%2C%22isDefaultSort%22%3Afalse%2C%22bypassOnlineThresholds%22%3Afalse%2C%22isKioskMenu%22%3Afalse%2C%22removeProductsBelowOptionThresholds%22%3Atrue%7D%2C%22page%22%3A0%2C%22perPage%22%3A50%7D&extensions=%7B%22persistedQuery%22%3A%7B%22version%22%3A1%2C%22sha256Hash%22%3A%220e884328c01ef8ed540d4bbd27101ee58fedaf5cddda6c499169209b53fdf574%22%7D%7D HTTP/1.1" 200 None
21:32:35,873 root INFO finding best available
21:33:51,630 root INFO loading items
21:33:51,630 root INFO fetching data
21:33:51,635 urllib3.connectionpool DEBUG Starting new HTTPS connection (1): dutchie.com:443
21:33:52,89 urllib3.connectionpool DEBUG https://dutchie.com:443 "GET /graphql?operationName=FilteredProducts&variables=%7B%22includeEnterpriseSpecials%22%3Afalse%2C%22includeCannabinoids%22%3Atrue%2C%22productsFilter%22%3A%7B%22dispensaryId%22%3A%225f07ab86d0b0134ca75fa12b%22%2C%22option%22%3A%221g%22%2C%22pricingType%22%3A%22rec%22%2C%22strainTypes%22%3A%5B%5D%2C%22subcategories%22%3A%5B%5D%2C%22Status%22%3A%22Active%22%2C%22types%22%3A%5B%22Concentrate%22%5D%2C%22useCache%22%3Afalse%2C%22sortDirection%22%3A1%2C%22sortBy%22%3A%22price%22%2C%22isDefaultSort%22%3Afalse%2C%22bypassOnlineThresholds%22%3Afalse%2C%22isKioskMenu%22%3Afalse%2C%22removeProductsBelowOptionThresholds%22%3Atrue%7D%2C%22page%22%3A0%2C%22perPage%22%3A50%7D&extensions=%7B%22persistedQuery%22%3A%7B%22version%22%3A1%2C%22sha256Hash%22%3A%220e884328c01ef8ed540d4bbd27101ee58fedaf5cddda6c499169209b53fdf574%22%7D%7D HTTP/1.1" 200 None
21:33:52,123 root INFO finding best available
21:34:04,302 root INFO loading items
21:34:04,303 root INFO fetching data
21:34:04,309 urllib3.connectionpool DEBUG Starting new HTTPS connection (1): dutchie.com:443
21:34:04,986 urllib3.connectionpool DEBUG https://dutchie.com:443 "GET /graphql?operationName=FilteredProducts&variables=%7B%22includeEnterpriseSpecials%22%3Afalse%2C%22includeCannabinoids%22%3Atrue%2C%22productsFilter%22%3A%7B%22dispensaryId%22%3A%225f07ab86d0b0134ca75fa12b%22%2C%22option%22%3A%221g%22%2C%22pricingType%22%3A%22rec%22%2C%22strainTypes%22%3A%5B%5D%2C%22subcategories%22%3A%5B%5D%2C%22Status%22%3A%22Active%22%2C%22types%22%3A%5B%22Concentrate%22%5D%2C%22useCache%22%3Afalse%2C%22sortDirection%22%3A1%2C%22sortBy%22%3A%22price%22%2C%22isDefaultSort%22%3Afalse%2C%22bypassOnlineThresholds%22%3Afalse%2C%22isKioskMenu%22%3Afalse%2C%22removeProductsBelowOptionThresholds%22%3Atrue%7D%2C%22page%22%3A0%2C%22perPage%22%3A50%7D&extensions=%7B%22persistedQuery%22%3A%7B%22version%22%3A1%2C%22sha256Hash%22%3A%220e884328c01ef8ed540d4bbd27101ee58fedaf5cddda6c499169209b53fdf574%22%7D%7D HTTP/1.1" 200 None
21:34:05,23 root INFO finding best available
21:34:20,678 root INFO loading items
21:34:20,678 root INFO fetching data
21:34:20,684 urllib3.connectionpool DEBUG Starting new HTTPS connection (1): dutchie.com:443
21:34:21,129 urllib3.connectionpool DEBUG https://dutchie.com:443 "GET /graphql?operationName=FilteredProducts&variables=%7B%22includeEnterpriseSpecials%22%3Afalse%2C%22includeCannabinoids%22%3Atrue%2C%22productsFilter%22%3A%7B%22dispensaryId%22%3A%225f07ab86d0b0134ca75fa12b%22%2C%22option%22%3A%221g%22%2C%22pricingType%22%3A%22rec%22%2C%22strainTypes%22%3A%5B%5D%2C%22subcategories%22%3A%5B%5D%2C%22Status%22%3A%22Active%22%2C%22types%22%3A%5B%22Concentrate%22%5D%2C%22useCache%22%3Afalse%2C%22sortDirection%22%3A1%2C%22sortBy%22%3A%22price%22%2C%22isDefaultSort%22%3Afalse%2C%22bypassOnlineThresholds%22%3Afalse%2C%22isKioskMenu%22%3Afalse%2C%22removeProductsBelowOptionThresholds%22%3Atrue%7D%2C%22page%22%3A0%2C%22perPage%22%3A50%7D&extensions=%7B%22persistedQuery%22%3A%7B%22version%22%3A1%2C%22sha256Hash%22%3A%220e884328c01ef8ed540d4bbd27101ee58fedaf5cddda6c499169209b53fdf574%22%7D%7D HTTP/1.1" 200 None
21:34:21,163 root INFO finding best available
21:34:49,921 root INFO loading items
21:34:49,921 root INFO fetching data
21:34:49,927 urllib3.connectionpool DEBUG Starting new HTTPS connection (1): dutchie.com:443
21:34:50,431 urllib3.connectionpool DEBUG https://dutchie.com:443 "GET /graphql?operationName=FilteredProducts&variables=%7B%22includeEnterpriseSpecials%22%3Afalse%2C%22includeCannabinoids%22%3Atrue%2C%22productsFilter%22%3A%7B%22dispensaryId%22%3A%225f07ab86d0b0134ca75fa12b%22%2C%22option%22%3A%221g%22%2C%22pricingType%22%3A%22rec%22%2C%22strainTypes%22%3A%5B%5D%2C%22subcategories%22%3A%5B%5D%2C%22Status%22%3A%22Active%22%2C%22types%22%3A%5B%22Concentrate%22%5D%2C%22useCache%22%3Afalse%2C%22sortDirection%22%3A1%2C%22sortBy%22%3A%22price%22%2C%22isDefaultSort%22%3Afalse%2C%22bypassOnlineThresholds%22%3Afalse%2C%22isKioskMenu%22%3Afalse%2C%22removeProductsBelowOptionThresholds%22%3Atrue%7D%2C%22page%22%3A0%2C%22perPage%22%3A50%7D&extensions=%7B%22persistedQuery%22%3A%7B%22version%22%3A1%2C%22sha256Hash%22%3A%220e884328c01ef8ed540d4bbd27101ee58fedaf5cddda6c499169209b53fdf574%22%7D%7D HTTP/1.1" 200 None
21:34:50,498 root INFO finding best available
21:35:36,410 root INFO loading items
21:35:36,410 root INFO fetching data
21:35:36,416 urllib3.connectionpool DEBUG Starting new HTTPS connection (1): dutchie.com:443
21:35:36,873 urllib3.connectionpool DEBUG https://dutchie.com:443 "GET /graphql?operationName=FilteredProducts&variables=%7B%22includeEnterpriseSpecials%22%3Afalse%2C%22includeCannabinoids%22%3Atrue%2C%22productsFilter%22%3A%7B%22dispensaryId%22%3A%225f07ab86d0b0134ca75fa12b%22%2C%22option%22%3A%221g%22%2C%22pricingType%22%3A%22rec%22%2C%22strainTypes%22%3A%5B%5D%2C%22subcategories%22%3A%5B%5D%2C%22Status%22%3A%22Active%22%2C%22types%22%3A%5B%22Concentrate%22%5D%2C%22useCache%22%3Afalse%2C%22sortDirection%22%3A1%2C%22sortBy%22%3A%22price%22%2C%22isDefaultSort%22%3Afalse%2C%22bypassOnlineThresholds%22%3Afalse%2C%22isKioskMenu%22%3Afalse%2C%22removeProductsBelowOptionThresholds%22%3Atrue%7D%2C%22page%22%3A0%2C%22perPage%22%3A50%7D&extensions=%7B%22persistedQuery%22%3A%7B%22version%22%3A1%2C%22sha256Hash%22%3A%220e884328c01ef8ed540d4bbd27101ee58fedaf5cddda6c499169209b53fdf574%22%7D%7D HTTP/1.1" 200 None
21:35:36,912 root INFO finding best available
21:35:46,886 root INFO loading items
21:35:46,886 root INFO fetching data
21:35:46,892 urllib3.connectionpool DEBUG Starting new HTTPS connection (1): dutchie.com:443
21:35:47,329 urllib3.connectionpool DEBUG https://dutchie.com:443 "GET /graphql?operationName=FilteredProducts&variables=%7B%22includeEnterpriseSpecials%22%3Afalse%2C%22includeCannabinoids%22%3Atrue%2C%22productsFilter%22%3A%7B%22dispensaryId%22%3A%225f07ab86d0b0134ca75fa12b%22%2C%22option%22%3A%221g%22%2C%22pricingType%22%3A%22rec%22%2C%22strainTypes%22%3A%5B%5D%2C%22subcategories%22%3A%5B%5D%2C%22Status%22%3A%22Active%22%2C%22types%22%3A%5B%22Concentrate%22%5D%2C%22useCache%22%3Afalse%2C%22sortDirection%22%3A1%2C%22sortBy%22%3A%22price%22%2C%22isDefaultSort%22%3Afalse%2C%22bypassOnlineThresholds%22%3Afalse%2C%22isKioskMenu%22%3Afalse%2C%22removeProductsBelowOptionThresholds%22%3Atrue%7D%2C%22page%22%3A0%2C%22perPage%22%3A50%7D&extensions=%7B%22persistedQuery%22%3A%7B%22version%22%3A1%2C%22sha256Hash%22%3A%220e884328c01ef8ed540d4bbd27101ee58fedaf5cddda6c499169209b53fdf574%22%7D%7D HTTP/1.1" 200 None
21:35:47,350 root INFO finding best available
21:36:42,968 root INFO loading items
21:36:42,968 root INFO fetching data
21:36:42,974 urllib3.connectionpool DEBUG Starting new HTTPS connection (1): dutchie.com:443
21:36:43,751 urllib3.connectionpool DEBUG https://dutchie.com:443 "GET /graphql?operationName=FilteredProducts&variables=%7B%22includeEnterpriseSpecials%22%3Afalse%2C%22includeCannabinoids%22%3Atrue%2C%22productsFilter%22%3A%7B%22dispensaryId%22%3A%225f07ab86d0b0134ca75fa12b%22%2C%22option%22%3A%221g%22%2C%22pricingType%22%3A%22rec%22%2C%22strainTypes%22%3A%5B%5D%2C%22subcategories%22%3A%5B%5D%2C%22Status%22%3A%22Active%22%2C%22types%22%3A%5B%22Concentrate%22%5D%2C%22useCache%22%3Afalse%2C%22sortDirection%22%3A1%2C%22sortBy%22%3A%22price%22%2C%22isDefaultSort%22%3Afalse%2C%22bypassOnlineThresholds%22%3Afalse%2C%22isKioskMenu%22%3Afalse%2C%22removeProductsBelowOptionThresholds%22%3Atrue%7D%2C%22page%22%3A0%2C%22perPage%22%3A50%7D&extensions=%7B%22persistedQuery%22%3A%7B%22version%22%3A1%2C%22sha256Hash%22%3A%220e884328c01ef8ed540d4bbd27101ee58fedaf5cddda6c499169209b53fdf574%22%7D%7D HTTP/1.1" 200 None
21:36:43,786 root INFO finding best available
21:38:07,373 root INFO loading items
21:38:07,374 root INFO fetching data
21:38:07,380 urllib3.connectionpool DEBUG Starting new HTTPS connection (1): dutchie.com:443
21:38:07,861 urllib3.connectionpool DEBUG https://dutchie.com:443 "GET /graphql?operationName=FilteredProducts&variables=%7B%22includeEnterpriseSpecials%22%3Afalse%2C%22includeCannabinoids%22%3Atrue%2C%22productsFilter%22%3A%7B%22dispensaryId%22%3A%225f07ab86d0b0134ca75fa12b%22%2C%22option%22%3A%221g%22%2C%22pricingType%22%3A%22rec%22%2C%22strainTypes%22%3A%5B%5D%2C%22subcategories%22%3A%5B%5D%2C%22Status%22%3A%22Active%22%2C%22types%22%3A%5B%22Concentrate%22%5D%2C%22useCache%22%3Afalse%2C%22sortDirection%22%3A1%2C%22sortBy%22%3A%22price%22%2C%22isDefaultSort%22%3Afalse%2C%22bypassOnlineThresholds%22%3Afalse%2C%22isKioskMenu%22%3Afalse%2C%22removeProductsBelowOptionThresholds%22%3Atrue%7D%2C%22page%22%3A0%2C%22perPage%22%3A50%7D&extensions=%7B%22persistedQuery%22%3A%7B%22version%22%3A1%2C%22sha256Hash%22%3A%220e884328c01ef8ed540d4bbd27101ee58fedaf5cddda6c499169209b53fdf574%22%7D%7D HTTP/1.1" 200 None
21:38:07,895 root INFO finding best available
21:41:41,145 root INFO loading items
21:41:41,145 root INFO fetching data
21:41:41,151 urllib3.connectionpool DEBUG Starting new HTTPS connection (1): dutchie.com:443
21:41:42,60 urllib3.connectionpool DEBUG https://dutchie.com:443 "GET /graphql?operationName=FilteredProducts&variables=%7B%22includeEnterpriseSpecials%22%3Afalse%2C%22includeCannabinoids%22%3Atrue%2C%22productsFilter%22%3A%7B%22dispensaryId%22%3A%225f07ab86d0b0134ca75fa12b%22%2C%22option%22%3A%221g%22%2C%22pricingType%22%3A%22rec%22%2C%22strainTypes%22%3A%5B%5D%2C%22subcategories%22%3A%5B%5D%2C%22Status%22%3A%22Active%22%2C%22types%22%3A%5B%22Concentrate%22%5D%2C%22useCache%22%3Afalse%2C%22sortDirection%22%3A1%2C%22sortBy%22%3A%22price%22%2C%22isDefaultSort%22%3Afalse%2C%22bypassOnlineThresholds%22%3Afalse%2C%22isKioskMenu%22%3Afalse%2C%22removeProductsBelowOptionThresholds%22%3Atrue%7D%2C%22page%22%3A0%2C%22perPage%22%3A50%7D&extensions=%7B%22persistedQuery%22%3A%7B%22version%22%3A1%2C%22sha256Hash%22%3A%220e884328c01ef8ed540d4bbd27101ee58fedaf5cddda6c499169209b53fdf574%22%7D%7D HTTP/1.1" 200 None
21:41:42,193 root INFO finding best available
